Order id is 210219000106370 and order Variety is co
Order id is 210219000106372 and order Variety is co
Order id is 210219000106385 and order Variety is co
Order id is 210219000106400 and order Variety is co
Order id is 210219000106426 and order Variety is co
Order id is 210219000107965 and order Variety is co
Order id is 210219000108017 and order Variety is co
Order id is 210219002011286 and order Variety is regular
Order id is 210219002011288 and order Variety is regular
Order id is 210219002011309 and order Variety is regular
Going to close position for BPCL in NSE
Going to close position for HINDPETRO in NSE
Going to close position for IDFCFIRSTB in NSE
Quantities for sell to be placed 135
Going to close position for JUBLFOOD in NSE
Quantities for sell to be placed 2
Going to close position for L&TFH in NSE
Going to close position for NMDC in NSE
Going to close position for NTPC in NSE
Going to close position for ONGC in NSE
Going to close position for TATACHEM in NSE
Quantities for sell to be placed 13
Going to close position for TORNTPOWER in NSE
Going to close position for BANKBARODA in NSE
Going to close position for CONCOR in NSE
Going to close position for GAIL in NSE
Going to close position for IBULHSGFIN in NSE
Going to close position for IDFCFIRSTB in NSE
Going to close position for RBLBANK in NSE
