Order id is 210322000097690 and order Variety is co
Order id is 210322000097829 and order Variety is co
Order id is 210322000097858 and order Variety is co
Order id is 210322000097908 and order Variety is co
Order id is 210322000097689 and order Variety is co
Order id is 210322000097703 and order Variety is co
Order id is 210322000097704 and order Variety is co
Order id is 210322000097851 and order Variety is co
unable to delete order id :  210322000097851
Order id is 210322000097861 and order Variety is co
Order id is 210322000097907 and order Variety is co
Order id is 210322002079058 and order Variety is regular
Order id is 210322002079059 and order Variety is regular
Order id is 210322002079060 and order Variety is regular
Order id is 210322002079061 and order Variety is regular
Order id is 210322000097851 and order Variety is co
unable to delete order id :  210322000097851
Order id is 210322000097851 and order Variety is co
unable to delete order id :  210322000097851
Order id is 210322000097851 and order Variety is co
unable to delete order id :  210322000097851
Order id is 210322000097851 and order Variety is co
unable to delete order id :  210322000097851
Going to close position for ACC in NSE
Quantities for sell to be placed 9
Going to close position for ADANIENT in NSE
Quantities for sell to be placed 17
Going to close position for ADANIPORTS in NSE
Quantities for sell to be placed 23
Going to close position for COFORGE in NSE
Going to close position for CUMMINSIND in NSE
Going to close position for GODREJPROP in NSE
Quantities for sell to be placed 12
Going to close position for HINDUNILVR in NSE
Going to close position for JSWSTEEL in NSE
Going to close position for LALPATHLAB in NSE
Going to close position for M&MFIN in NSE
Going to close position for SRTRANSFIN in NSE
Going to close position for TATASTEEL in NSE
Going to close position for CHOLAFIN in NSE
