Order id is 210405000113042 and order Variety is co
Order id is 210405000113196 and order Variety is co
Order id is 210405000114073 and order Variety is co
Order id is 210405000112891 and order Variety is co
Order id is 210405000112892 and order Variety is co
Order id is 210405000112898 and order Variety is co
Order id is 210405000112905 and order Variety is co
unable to delete order id :  210405000112905
Order id is 210405000113034 and order Variety is co
unable to delete order id :  210405000113034
Order id is 210405000114078 and order Variety is co
unable to delete order id :  210405000114078
Order id is 210405000114093 and order Variety is co
Order id is 210405000114106 and order Variety is co
Order id is 210405000114412 and order Variety is co
Order id is 210405002577781 and order Variety is regular
Order id is 210405000112905 and order Variety is co
unable to delete order id :  210405000112905
Order id is 210405000113034 and order Variety is co
unable to delete order id :  210405000113034
Order id is 210405000114078 and order Variety is co
unable to delete order id :  210405000114078
Going to close position for ADANIENT in NSE
Going to close position for JINDALSTEL in NSE
Going to close position for JSWSTEEL in NSE
Going to close position for LALPATHLAB in NSE
Quantities for sell to be placed 11
Going to close position for NATIONALUM in NSE
Going to close position for TATACHEM in NSE
Going to close position for TATASTEEL in NSE
Going to close position for SAIL in NSE
