Order id is 210305000138901 and order Variety is co
Order id is 210305000138915 and order Variety is co
unable to delete order id :  210305000138915
Order id is 210305000138918 and order Variety is co
Order id is 210305000138919 and order Variety is co
Order id is 210305000138920 and order Variety is co
Order id is 210305000138923 and order Variety is co
Order id is 210305000138942 and order Variety is co
Order id is 210305000139082 and order Variety is co
Order id is 210305000139110 and order Variety is co
Order id is 210305000139120 and order Variety is co
unable to delete order id :  210305000139120
Order id is 210305000139384 and order Variety is co
Order id is 210305000139461 and order Variety is co
Order id is 210305000139464 and order Variety is co
unable to delete order id :  210305000139464
Order id is 210305000138915 and order Variety is co
unable to delete order id :  210305000138915
Order id is 210305000139120 and order Variety is co
unable to delete order id :  210305000139120
Order id is 210305000139464 and order Variety is co
unable to delete order id :  210305000139464
Going to close position for ADANIPORTS in NSE
Going to close position for AMBUJACEM in NSE
Going to close position for AUBANK in NSE
Going to close position for BHEL in NSE
Going to close position for CONCOR in NSE
Going to close position for IRCTC in NSE
Going to close position for TATAPOWER in NSE
