Order id is 210323000096971 and order Variety is co
Order id is 210323000096985 and order Variety is co
Order id is 210323000096990 and order Variety is co
unable to delete order id :  210323000096990
Order id is 210323000096991 and order Variety is co
Order id is 210323000096996 and order Variety is co
Order id is 210323000097319 and order Variety is co
Order id is 210323000097320 and order Variety is co
Order id is 210323002009882 and order Variety is regular
Order id is 210323002009883 and order Variety is regular
Order id is 210323002009885 and order Variety is regular
Order id is 210323002009914 and order Variety is regular
Order id is 210323000096990 and order Variety is co
unable to delete order id :  210323000096990
Order id is 210323000096990 and order Variety is co
unable to delete order id :  210323000096990
Order id is 210323000096990 and order Variety is co
unable to delete order id :  210323000096990
Order id is 210323000096990 and order Variety is co
unable to delete order id :  210323000096990
Going to close position for ACC in NSE
Going to close position for ADANIENT in NSE
Quantities for sell to be placed 15
Going to close position for AMBUJACEM in NSE
Going to close position for DEEPAKNTR in NSE
Quantities for sell to be placed 10
Going to close position for GODREJPROP in NSE
Going to close position for INDIGO in NSE
Going to close position for INDIGO in NSE
Quantities for sell to be placed 9
Going to close position for MFSL in NSE
Quantities for sell to be placed 19
Going to close position for TATACONSUM in NSE
Going to close position for ADANIENT in NSE
Going to close position for ADANIPORTS in NSE
