Order id is 210216000100474 and order Variety is co
Order id is 210216000100489 and order Variety is co
Order id is 210216000100491 and order Variety is co
unable to delete order id :  210216000100491
Order id is 210216000100492 and order Variety is co
Order id is 210216000100508 and order Variety is co
Order id is 210216000100516 and order Variety is co
Order id is 210216000100535 and order Variety is co
Order id is 210216000100555 and order Variety is co
unable to delete order id :  210216000100555
Order id is 210216000100724 and order Variety is co
Order id is 210216000100497 and order Variety is co
Order id is 210216000100504 and order Variety is co
unable to delete order id :  210216000100504
Order id is 210216001984066 and order Variety is regular
Order id is 210216001984071 and order Variety is regular
Order id is 210216001984072 and order Variety is regular
Order id is 210216001984077 and order Variety is regular
Order id is 210216001984078 and order Variety is regular
Order id is 210216001984081 and order Variety is regular
Order id is 210216001984082 and order Variety is regular
Order id is 210216001984083 and order Variety is regular
Order id is 210216001984084 and order Variety is regular
Order id is 210216000100491 and order Variety is co
unable to delete order id :  210216000100491
Order id is 210216000100555 and order Variety is co
unable to delete order id :  210216000100555
Order id is 210216000100504 and order Variety is co
unable to delete order id :  210216000100504
Going to close position for ADANIENT in NSE
Quantities for sell to be placed 7
Going to close position for HINDALCO in NSE
Quantities for sell to be placed 18
Going to close position for JINDALSTEL in NSE
Quantities for sell to be placed 16
Going to close position for L&TFH in NSE
Going to close position for LICHSGFIN in NSE
Going to close position for M&MFIN in NSE
Going to close position for MFSL in NSE
Quantities for sell to be placed 6
Going to close position for MOTHERSUMI in NSE
Going to close position for NATIONALUM in NSE
Quantities for sell to be placed 111
Going to close position for ONGC in NSE
Quantities for sell to be placed 53
Going to close position for PEL in NSE
Going to close position for SAIL in NSE
Quantities for sell to be placed 85
Going to close position for TATASTEEL in NSE
Quantities for sell to be placed 7
Going to close position for VEDL in NSE
Quantities for sell to be placed 29
Going to close position for ADANIENT in NSE
Going to close position for APOLLOHOSP in NSE
