Order id is 210208000123078 and order Variety is co
Order id is 210208000123086 and order Variety is co
Order id is 210208000123085 and order Variety is co
Order id is 210208000123475 and order Variety is co
Order id is 210208002388431 and order Variety is regular
Order id is 210208002388433 and order Variety is regular
Order id is 210208002388439 and order Variety is regular
Order id is 210208002388442 and order Variety is regular
Order id is 210208002388447 and order Variety is regular
Order id is 210208002388462 and order Variety is regular
Order id is 210208002388467 and order Variety is regular
Going to close position for ADANIENT in NSE
Quantities for sell to be placed 10
Going to close position for AMARAJABAT in NSE
Quantities for sell to be placed 6
Going to close position for CONCOR in NSE
Quantities for sell to be placed 12
Going to close position for DIVISLAB in NSE
Going to close position for EXIDEIND in NSE
Quantities for sell to be placed 28
Going to close position for KOTAKBANK in NSE
Going to close position for M&MFIN in NSE
Quantities for sell to be placed 33
Going to close position for M&M in NSE
Quantities for sell to be placed 6
Going to close position for NTPC in NSE
Quantities for sell to be placed 62
Going to close position for SBIN in NSE
Going to close position for TATASTEEL in NSE
Going to close position for GODREJPROP in NSE
Going to close position for INDIGO in NSE
Going to close position for JINDALSTEL in NSE
