Order id is 210317000105728 and order Variety is co
Order id is 210317000105773 and order Variety is co
Order id is 210317000105775 and order Variety is co
Order id is 210317000105784 and order Variety is co
Order id is 210317000105787 and order Variety is co
Order id is 210317000105788 and order Variety is co
unable to delete order id :  210317000105788
Order id is 210317000105789 and order Variety is co
unable to delete order id :  210317000105789
Order id is 210317000105803 and order Variety is co
Order id is 210317000105808 and order Variety is co
unable to delete order id :  210317000105808
Order id is 210317000106123 and order Variety is co
Order id is 210317000106127 and order Variety is co
Order id is 210317000106130 and order Variety is co
unable to delete order id :  210317000106130
Order id is 210317000107069 and order Variety is co
Order id is 210317000107081 and order Variety is co
unable to delete order id :  210317000107081
Going to close position for COFORGE in NSE
Going to close position for GUJGASLTD in NSE
Going to close position for LALPATHLAB in NSE
Going to close position for MPHASIS in NSE
