Order id is 210205000127025 and order Variety is co
Order id is 210205000128085 and order Variety is co
Order id is 210205000128089 and order Variety is co
Order id is 210205000128381 and order Variety is co
Order id is 210205000126991 and order Variety is co
Order id is 210205000128090 and order Variety is co
Order id is 210205000129330 and order Variety is co
Order id is 210205002666031 and order Variety is regular
Order id is 210205002666037 and order Variety is regular
Order id is 210205002666145 and order Variety is regular
Going to close position for ADANIENT in NSE
Going to close position for APOLLOTYRE in NSE
Going to close position for DLF in NSE
Going to close position for FEDERALBNK in NSE
Going to close position for GODREJPROP in NSE
Quantities for sell to be placed 8
Going to close position for HDFCBANK in NSE
Quantities for sell to be placed 7
Going to close position for KOTAKBANK in NSE
Quantities for sell to be placed 6
Going to close position for M&M in NSE
Going to close position for MANAPPURAM in NSE
Going to close position for TATAPOWER in NSE
Going to close position for BANKBARODA in NSE
Going to close position for CANBK in NSE
Going to close position for SBIN in NSE
