Order id is 210324000109617 and order Variety is co
Order id is 210324000109744 and order Variety is co
Order id is 210324000109745 and order Variety is co
Order id is 210324000109769 and order Variety is co
Order id is 210324000109801 and order Variety is co
Order id is 210324000109808 and order Variety is co
unable to delete order id :  210324000109808
Order id is 210324000110120 and order Variety is co
Order id is 210324000110241 and order Variety is co
unable to delete order id :  210324000110241
Order id is 210324002089224 and order Variety is regular
Order id is 210324000109808 and order Variety is co
unable to delete order id :  210324000109808
Order id is 210324000110241 and order Variety is co
unable to delete order id :  210324000110241
Order id is 210324000109808 and order Variety is co
unable to delete order id :  210324000109808
Order id is 210324000110241 and order Variety is co
unable to delete order id :  210324000110241
Going to close position for AARTIIND in NSE
Quantities for sell to be placed 18
Going to close position for ADANIENT in NSE
Going to close position for BANDHANBNK in NSE
Going to close position for DEEPAKNTR in NSE
Going to close position for MGL in NSE
