Order id is 210303000139900 and order Variety is co
Order id is 210303000139907 and order Variety is co
Order id is 210303000139921 and order Variety is co
Order id is 210303000139922 and order Variety is co
Order id is 210303000140030 and order Variety is co
Order id is 210303000140114 and order Variety is co
Order id is 210303000139901 and order Variety is co
Order id is 210303000140591 and order Variety is co
Order id is 210303002472065 and order Variety is regular
Order id is 210303002472066 and order Variety is regular
Order id is 210303002472072 and order Variety is regular
Order id is 210303002472075 and order Variety is regular
Order id is 210303002472076 and order Variety is regular
Order id is 210303002472079 and order Variety is regular
Order id is 210303002472089 and order Variety is regular
Order id is 210303002472139 and order Variety is regular
Order id is 210303002472140 and order Variety is regular
Order id is 210303002472254 and order Variety is regular
Going to close position for BEL in NSE
Going to close position for BHEL in NSE
Going to close position for BPCL in NSE
Going to close position for CANBK in NSE
Quantities for sell to be placed 36
Going to close position for CUMMINSIND in NSE
Quantities for sell to be placed 6
Going to close position for GRANULES in NSE
Quantities for sell to be placed 16
Going to close position for HDFCAMC in NSE
Quantities for sell to be placed 1
Going to close position for JINDALSTEL in NSE
Quantities for sell to be placed 17
Going to close position for JSWSTEEL in NSE
Quantities for sell to be placed 14
Going to close position for LTTS in NSE
Going to close position for MINDTREE in NSE
Going to close position for NATIONALUM in NSE
Quantities for sell to be placed 95
Going to close position for NAVINFLUOR in NSE
Going to close position for NTPC in NSE
Going to close position for PNB in NSE
Quantities for sell to be placed 139
Going to close position for TATACHEM in NSE
Quantities for sell to be placed 7
Going to close position for TATASTEEL in NSE
Quantities for sell to be placed 7
Going to close position for TRENT in NSE
Going to close position for ADANIPORTS in NSE
Going to close position for CUB in NSE
Going to close position for NAM-INDIA in NSE
