Order id is 210401000094395 and order Variety is co
Order id is 210401000094396 and order Variety is co
Order id is 210401000094609 and order Variety is co
Order id is 210401000094617 and order Variety is co
Order id is 210401000094608 and order Variety is co
unable to delete order id :  210401000094608
Order id is 210401002063079 and order Variety is regular
Order id is 210401002063081 and order Variety is regular
Order id is 210401000094608 and order Variety is co
unable to delete order id :  210401000094608
Order id is 210401000094608 and order Variety is co
unable to delete order id :  210401000094608
Order id is 210401000094608 and order Variety is co
unable to delete order id :  210401000094608
Order id is 210401000094608 and order Variety is co
unable to delete order id :  210401000094608
Going to close position for AMBUJACEM in NSE
Going to close position for CANBK in NSE
Going to close position for JSWSTEEL in NSE
Quantities for sell to be placed 67
Going to close position for LALPATHLAB in NSE
Going to close position for SRF in NSE
Quantities for sell to be placed 5
Going to close position for NIFTY2140114700PE in NSE
Going to close position for NIFTY2140114750CE in NSE
Going to close position for NIFTY2140114750PE in NSE
Going to close position for NIFTY2140114800CE in NSE
