Order id is 210226000127186 and order Variety is co
Order id is 210226000127293 and order Variety is co
Order id is 210226000127388 and order Variety is co
Order id is 210226000127465 and order Variety is co
unable to delete order id :  210226000127465
Order id is 210226000127572 and order Variety is co
Order id is 210226000127605 and order Variety is co
Order id is 210226000127664 and order Variety is co
unable to delete order id :  210226000127664
Order id is 210226000127719 and order Variety is co
Order id is 210226000127168 and order Variety is co
unable to delete order id :  210226000127168
Order id is 210226000127419 and order Variety is co
unable to delete order id :  210226000127419
Order id is 210226000127472 and order Variety is co
Order id is 210226000127536 and order Variety is co
Order id is 210226000127708 and order Variety is co
unable to delete order id :  210226000127708
Order id is 210226002341772 and order Variety is regular
Order id is 210226002341774 and order Variety is regular
Order id is 210226002341780 and order Variety is regular
Order id is 210226002341801 and order Variety is regular
Going to close position for BPCL in NSE
Going to close position for IRCTC in NSE
Quantities for sell to be placed 4
Going to close position for LUPIN in NSE
Quantities for sell to be placed 6
Going to close position for NATIONALUM in NSE
Quantities for sell to be placed 122
Going to close position for NAVINFLUOR in NSE
Quantities for sell to be placed 2
Going to close position for NMDC in NSE
Going to close position for TATACHEM in NSE
Going to close position for ACC in NSE
Going to close position for AMBUJACEM in NSE
Going to close position for APOLLOHOSP in NSE
Going to close position for COALINDIA in NSE
Going to close position for NATIONALUM in NSE
