Order id is 210212000111568 and order Variety is co
Order id is 210212000111572 and order Variety is co
Order id is 210212000111578 and order Variety is co
Order id is 210212000111701 and order Variety is co
unable to delete order id :  210212000111701
Order id is 210212000111703 and order Variety is co
unable to delete order id :  210212000111703
Order id is 210212000111705 and order Variety is co
unable to delete order id :  210212000111705
Order id is 210212000111744 and order Variety is co
Order id is 210212000111645 and order Variety is co
unable to delete order id :  210212000111645
Order id is 210212000111702 and order Variety is co
Order id is 210212000111714 and order Variety is co
Order id is 210212000111736 and order Variety is co
Order id is 210212000111754 and order Variety is co
Order id is 210212002143036 and order Variety is regular
Order id is 210212002143040 and order Variety is regular
Order id is 210212002143063 and order Variety is regular
Order id is 210212002143072 and order Variety is regular
Order id is 210212002143078 and order Variety is regular
Order id is 210212000111701 and order Variety is co
unable to delete order id :  210212000111701
Order id is 210212000111703 and order Variety is co
unable to delete order id :  210212000111703
Order id is 210212000111705 and order Variety is co
unable to delete order id :  210212000111705
Order id is 210212000111645 and order Variety is co
unable to delete order id :  210212000111645
Going to close position for ADANIENT in NSE
Quantities for sell to be placed 14
Going to close position for CONCOR in NSE
Quantities for sell to be placed 19
Going to close position for ICICIPRULI in NSE
Going to close position for L&TFH in NSE
Going to close position for M&MFIN in NSE
Quantities for sell to be placed 48
Going to close position for MGL in NSE
Going to close position for MUTHOOTFIN in NSE
Quantities for sell to be placed 7
Going to close position for PEL in NSE
Quantities for sell to be placed 5
Going to close position for RELIANCE in NSE
Going to close position for M&MFIN in NSE
