Going to close position for NIFTY2130415000PE in NFO
Going to close position for NIFTY2130415050CE in NFO
Going to close position for NIFTY2130415050PE in NFO
Going to close position for NIFTY2130415100CE in NFO
Going to close position for AARTIIND in NSE
Going to close position for ADANIENT in NSE
Going to close position for AUBANK in NSE
Going to close position for CONCOR in NSE
Going to close position for CUB in NSE
Going to close position for GRANULES in NSE
Going to close position for IBULHSGFIN in NSE
Going to close position for INDIGO in NSE
Going to close position for IRCTC in NSE
Going to close position for LTI in NSE
Going to close position for LTTS in NSE
Going to close position for PFC in NSE
Going to close position for PVR in NSE
Going to close position for TATACHEM in NSE
Going to close position for TATAPOWER in NSE
Going to close position for TATAPOWER in NSE
Going to close position for TORNTPOWER in NSE
Going to close position for TRENT in NSE
Going to close position for UPL in NSE
Going to close position for UPL in NSE
Going to close position for ZEEL in NSE
