Going to close position for NIFTY2121815200CE in NFO
Quantities for buy to be placed 75
Going to close position for NIFTY2121815250CE in NFO
Quantities for buy to be placed 150
Going to close position for BANKBARODA in NSE
Quantities for sell to be placed 41
Going to close position for BHEL in NSE
Quantities for sell to be placed 92
Going to close position for GAIL in NSE
Quantities for sell to be placed 26
Going to close position for HINDPETRO in NSE
Quantities for sell to be placed 15
Going to close position for IDFCFIRSTB in NSE
Quantities for sell to be placed 65
Going to close position for IGL in NSE
Quantities for sell to be placed 6
Going to close position for IOC in NSE
Quantities for sell to be placed 39
Going to close position for ONGC in NSE
Quantities for sell to be placed 34
Going to close position for PNB in NSE
Quantities for sell to be placed 88
Going to close position for SAIL in NSE
Quantities for sell to be placed 56
Going to close position for UPL in NSE
Quantities for sell to be placed 6
Going to close position for NIFTY2121815150PE in NFO
Going to close position for NIFTY2121815200PE in NFO
Going to close position for ADANIPORTS in NSE
Going to close position for BANKBARODA in NSE
Going to close position for BEL in NSE
Going to close position for CUMMINSIND in NSE
Going to close position for HEROMOTOCO in NSE
Going to close position for HINDPETRO in NSE
Going to close position for IDFCFIRSTB in NSE
Going to close position for INDUSTOWER in NSE
Going to close position for MGL in NSE
Going to close position for MOTHERSUMI in NSE
