Order id is 210223000096969 and order Variety is co
Order id is 210223000096973 and order Variety is co
Order id is 210223000096990 and order Variety is co
Order id is 210223000097015 and order Variety is co
Order id is 210223000096964 and order Variety is co
unable to delete order id :  210223000096964
Order id is 210223000096971 and order Variety is co
unable to delete order id :  210223000096971
Order id is 210223000096991 and order Variety is co
Order id is 210223000097065 and order Variety is co
Order id is 210223002079317 and order Variety is regular
Order id is 210223002079323 and order Variety is regular
Order id is 210223002079326 and order Variety is regular
Order id is 210223002079348 and order Variety is regular
Order id is 210223000096964 and order Variety is co
unable to delete order id :  210223000096964
Order id is 210223000096971 and order Variety is co
unable to delete order id :  210223000096971
Order id is 210223000096964 and order Variety is co
unable to delete order id :  210223000096964
Order id is 210223000096971 and order Variety is co
unable to delete order id :  210223000096971
Going to close position for ADANIENT in NSE
Going to close position for ADANIPORTS in NSE
Going to close position for CANBK in NSE
Quantities for sell to be placed 52
Going to close position for DLF in NSE
Quantities for sell to be placed 26
Going to close position for GAIL in NSE
Quantities for sell to be placed 56
Going to close position for JUBLFOOD in NSE
Going to close position for TATAMOTORS in NSE
Quantities for sell to be placed 26
Going to close position for VEDL in NSE
Going to close position for PEL in NSE
