Order id is 210301000125937 and order Variety is co
Order id is 210301000198512 and order Variety is co
Order id is 210301002323525 and order Variety is regular
Order id is 210301002323526 and order Variety is regular
Order id is 210301002323527 and order Variety is regular
Order id is 210301002323529 and order Variety is regular
Order id is 210301002323579 and order Variety is regular
Order id is 210301002323702 and order Variety is regular
Going to close position for APOLLOTYRE in NSE
Quantities for sell to be placed 25
Going to close position for DEEPAKNTR in NSE
Quantities for sell to be placed 4
Going to close position for GUJGASLTD in NSE
Quantities for sell to be placed 12
Going to close position for MOTHERSUMI in NSE
Quantities for sell to be placed 27
Going to close position for NATIONALUM in NSE
Going to close position for SAIL in NSE
Going to close position for UPL in NSE
Quantities for sell to be placed 10
Going to close position for ZEEL in NSE
Quantities for sell to be placed 29
Going to close position for M&M in NSE
Going to close position for PEL in NSE
