Order id is 210215000117931 and order Variety is co
Order id is 210215000117935 and order Variety is co
unable to delete order id :  210215000117935
Order id is 210215000117936 and order Variety is co
Order id is 210215000117958 and order Variety is co
Order id is 210215001755698 and order Variety is regular
Order id is 210215001755699 and order Variety is regular
Order id is 210215001755704 and order Variety is regular
Order id is 210215001755705 and order Variety is regular
Order id is 210215001755720 and order Variety is regular
Order id is 210215001755823 and order Variety is regular
Order id is 210215001755824 and order Variety is regular
Order id is 210215000117935 and order Variety is co
unable to delete order id :  210215000117935
Order id is 210215000117935 and order Variety is co
unable to delete order id :  210215000117935
Order id is 210215000117935 and order Variety is co
unable to delete order id :  210215000117935
Order id is 210215000117935 and order Variety is co
unable to delete order id :  210215000117935
Going to close position for ADANIPORTS in NSE
Going to close position for APOLLOHOSP in NSE
Quantities for sell to be placed 2
Going to close position for CHOLAFIN in NSE
Quantities for sell to be placed 13
Going to close position for L&TFH in NSE
Quantities for sell to be placed 72
Going to close position for M&MFIN in NSE
Quantities for sell to be placed 32
Going to close position for MUTHOOTFIN in NSE
Going to close position for PEL in NSE
Quantities for sell to be placed 3
Going to close position for PFC in NSE
Quantities for sell to be placed 54
Going to close position for SRTRANSFIN in NSE
Quantities for sell to be placed 4
Going to close position for ADANIENT in NSE
Going to close position for M&MFIN in NSE
Going to close position for PEL in NSE
