Order id is 210312000125591 and order Variety is co
Order id is 210312000125799 and order Variety is co
Order id is 210312000125974 and order Variety is co
Order id is 210312000125489 and order Variety is co
Order id is 210312000125581 and order Variety is co
Order id is 210312000125634 and order Variety is co
unable to delete order id :  210312000125634
Order id is 210312000125880 and order Variety is co
Order id is 210312000125928 and order Variety is co
Order id is 210312000125971 and order Variety is co
Order id is 210312000125984 and order Variety is co
unable to delete order id :  210312000125984
Order id is 210312000127412 and order Variety is co
Order id is 210312000127611 and order Variety is co
Order id is 210312001947085 and order Variety is regular
Order id is 210312000125634 and order Variety is co
unable to delete order id :  210312000125634
Order id is 210312000125984 and order Variety is co
unable to delete order id :  210312000125984
Order id is 210312000125634 and order Variety is co
unable to delete order id :  210312000125634
Order id is 210312000125984 and order Variety is co
unable to delete order id :  210312000125984
Going to close position for COFORGE in NSE
Going to close position for DEEPAKNTR in NSE
Going to close position for GRANULES in NSE
Going to close position for JSWSTEEL in NSE
Going to close position for LTI in NSE
Going to close position for MINDTREE in NSE
Going to close position for MPHASIS in NSE
Going to close position for SRTRANSFIN in NSE
Going to close position for TATAPOWER in NSE
Quantities for sell to be placed 294
Going to close position for CUMMINSIND in NSE
