Order id is 210406000106321 and order Variety is co
Order id is 210406000106332 and order Variety is co
unable to delete order id :  210406000106332
Order id is 210406000106349 and order Variety is co
Order id is 210406000106530 and order Variety is co
Order id is 210406000106531 and order Variety is co
Order id is 210406000106794 and order Variety is co
Order id is 210406000106837 and order Variety is co
Order id is 210406002258135 and order Variety is regular
Order id is 210406002258137 and order Variety is regular
Order id is 210406002258138 and order Variety is regular
Order id is 210406002258139 and order Variety is regular
Order id is 210406002258140 and order Variety is regular
Order id is 210406002258182 and order Variety is regular
Order id is 210406002258183 and order Variety is regular
Order id is 210406000106332 and order Variety is co
unable to delete order id :  210406000106332
Order id is 210406000106332 and order Variety is co
unable to delete order id :  210406000106332
Order id is 210406000106332 and order Variety is co
unable to delete order id :  210406000106332
Order id is 210406000106332 and order Variety is co
unable to delete order id :  210406000106332
Going to close position for ADANIENT in NSE
Quantities for sell to be placed 15
Going to close position for ADANIPORTS in NSE
Quantities for sell to be placed 23
Going to close position for BEL in NSE
Going to close position for COFORGE in NSE
Going to close position for DEEPAKNTR in NSE
Quantities for sell to be placed 11
Going to close position for GRANULES in NSE
Quantities for sell to be placed 57
Going to close position for JINDALSTEL in NSE
Going to close position for LTI in NSE
Going to close position for NAUKRI in NSE
Going to close position for NAVINFLUOR in NSE
Quantities for sell to be placed 6
Going to close position for SRF in NSE
Quantities for sell to be placed 3
Going to close position for TATACHEM in NSE
Quantities for sell to be placed 23
Going to close position for IDEA in NSE
Going to close position for LALPATHLAB in NSE
Going to close position for SAIL in NSE
