Going to close position for ADANIPORTS in NSE
Going to close position for BEL in NSE
Going to close position for BHEL in NSE
Going to close position for BPCL in NSE
Going to close position for CANBK in NSE
Going to close position for CUB in NSE
Going to close position for CUMMINSIND in NSE
Going to close position for GRANULES in NSE
Going to close position for HDFCAMC in NSE
Going to close position for JINDALSTEL in NSE
Going to close position for JSWSTEEL in NSE
Going to close position for LTTS in NSE
Going to close position for MINDTREE in NSE
Going to close position for NAM-INDIA in NSE
Going to close position for NATIONALUM in NSE
Going to close position for NAVINFLUOR in NSE
Going to close position for NTPC in NSE
Going to close position for PNB in NSE
Going to close position for TATACHEM in NSE
Going to close position for TATASTEEL in NSE
Going to close position for TRENT in NSE
