Order id is 210211000105146 and order Variety is co
Order id is 210211000105170 and order Variety is co
Order id is 210211000105219 and order Variety is co
Order id is 210211000105162 and order Variety is co
unable to delete order id :  210211000105162
Order id is 210211000105196 and order Variety is co
Order id is 210211000657005 and order Variety is regular
Order id is 210211000768644 and order Variety is regular
Order id is 210211002314133 and order Variety is regular
Order id is 210211002314135 and order Variety is regular
Order id is 210211002314139 and order Variety is regular
Order id is 210211002314140 and order Variety is regular
Order id is 210211000105162 and order Variety is co
unable to delete order id :  210211000105162
Order id is 210211000105162 and order Variety is co
unable to delete order id :  210211000105162
Order id is 210211000105162 and order Variety is co
unable to delete order id :  210211000105162
Order id is 210211000105162 and order Variety is co
unable to delete order id :  210211000105162
Going to close position for NIFTY2121115050PE in NFO
Quantities for buy to be placed 150
Going to close position for NIFTY2121115100PE in NFO
Quantities for buy to be placed 75
Going to close position for ADANIENT in NSE
Going to close position for IBULHSGFIN in NSE
Going to close position for IDEA in NSE
Quantities for sell to be placed 937
Going to close position for IGL in NSE
Quantities for sell to be placed 22
Going to close position for MANAPPURAM in NSE
Quantities for sell to be placed 70
Going to close position for MGL in NSE
Quantities for sell to be placed 10
Going to close position for MUTHOOTFIN in NSE
Going to close position for NIFTY2121115100CE in NFO
Going to close position for NIFTY2121115150CE in NFO
Going to close position for M&MFIN in NSE
Going to close position for MFSL in NSE
Going to close position for MOTHERSUMI in NSE
