Order id is 210331000098511 and order Variety is co
Order id is 210331000098526 and order Variety is co
Order id is 210331000098534 and order Variety is co
Order id is 210331000098536 and order Variety is co
Order id is 210331000098542 and order Variety is co
unable to delete order id :  210331000098542
Order id is 210331000098543 and order Variety is co
Order id is 210331000098546 and order Variety is co
Order id is 210331000098555 and order Variety is co
unable to delete order id :  210331000098555
Order id is 210331000098559 and order Variety is co
unable to delete order id :  210331000098559
Order id is 210331000098563 and order Variety is co
Order id is 210331000098566 and order Variety is co
Order id is 210331000098569 and order Variety is co
unable to delete order id :  210331000098569
Order id is 210331000098588 and order Variety is co
Order id is 210331000098627 and order Variety is co
Order id is 210331000098542 and order Variety is co
unable to delete order id :  210331000098542
Order id is 210331000098555 and order Variety is co
unable to delete order id :  210331000098555
Order id is 210331000098559 and order Variety is co
unable to delete order id :  210331000098559
Order id is 210331000098569 and order Variety is co
unable to delete order id :  210331000098569
Going to close position for DEEPAKNTR in NSE
Going to close position for GUJGASLTD in NSE
Going to close position for MPHASIS in NSE
Going to close position for NAVINFLUOR in NSE
Going to close position for SAIL in NSE
Going to close position for TATASTEEL in NSE
Going to close position for INDUSTOWER in NSE
Going to close position for NAVINFLUOR in NSE
Going to close position for TATASTEEL in NSE
Going to close position for TORNTPHARM in NSE
Going to close position for UPL in NSE
