can't extract position data..retrying
can't extract position data..retrying
can't extract position data..retrying
can't extract position data..retrying
can't extract position data..retrying
can't extract position data..retrying
can't extract position data..retrying
can't extract position data..retrying
can't extract position data..retrying
can't extract position data..retrying
can't extract order data..retrying
can't extract order data..retrying
can't extract order data..retrying
can't extract order data..retrying
can't extract order data..retrying
can't extract order data..retrying
can't extract order data..retrying
can't extract order data..retrying
can't extract order data..retrying
can't extract order data..retrying
coming in to the script
Traceback (most recent call last):
  File "square_off.py", line 46, in <module>
    try:
NameError: name 'ord_df' is not defined
