Order id is 210330000093743 and order Variety is co
Order id is 210330000093750 and order Variety is co
unable to delete order id :  210330000093750
Order id is 210330000093759 and order Variety is co
Order id is 210330000093824 and order Variety is co
Order id is 210330000093694 and order Variety is co
Order id is 210330000093823 and order Variety is co
Order id is 210330000095595 and order Variety is co
Order id is 210330001895594 and order Variety is regular
Order id is 210330001895599 and order Variety is regular
Order id is 210330001895601 and order Variety is regular
Order id is 210330001895602 and order Variety is regular
Order id is 210330001895629 and order Variety is regular
Order id is 210330000093750 and order Variety is co
unable to delete order id :  210330000093750
Order id is 210330000093750 and order Variety is co
unable to delete order id :  210330000093750
Order id is 210330000093750 and order Variety is co
unable to delete order id :  210330000093750
Order id is 210330000093750 and order Variety is co
unable to delete order id :  210330000093750
Going to close position for ASIANPAINT in NSE
Going to close position for BERGEPAINT in NSE
Going to close position for CONCOR in NSE
Going to close position for GODREJCP in NSE
Going to close position for INDUSTOWER in NSE
Quantities for sell to be placed 51
Going to close position for NAVINFLUOR in NSE
Quantities for sell to be placed 5
Going to close position for TATASTEEL in NSE
Quantities for sell to be placed 16
Going to close position for TITAN in NSE
Going to close position for TORNTPHARM in NSE
Quantities for sell to be placed 5
Going to close position for UPL in NSE
Quantities for sell to be placed 21
Going to close position for JINDALSTEL in NSE
Going to close position for LALPATHLAB in NSE
Going to close position for SAIL in NSE
Going to close position for TATASTEEL in NSE
