Order id is 210302000136170 and order Variety is co
Order id is 210302000136090 and order Variety is co
Order id is 210302000136199 and order Variety is co
Order id is 210302000136255 and order Variety is co
Order id is 210302000136450 and order Variety is co
Order id is 210302000136487 and order Variety is co
unable to delete order id :  210302000136487
Order id is 210302000136591 and order Variety is co
Order id is 210302000136119 and order Variety is co
Order id is 210302000136594 and order Variety is co
Order id is 210302002384761 and order Variety is regular
Order id is 210302002384762 and order Variety is regular
Order id is 210302002384764 and order Variety is regular
Order id is 210302002384765 and order Variety is regular
Order id is 210302000136487 and order Variety is co
unable to delete order id :  210302000136487
Order id is 210302000136487 and order Variety is co
unable to delete order id :  210302000136487
Order id is 210302000136487 and order Variety is co
unable to delete order id :  210302000136487
Order id is 210302000136487 and order Variety is co
unable to delete order id :  210302000136487
Going to close position for BHEL in NSE
Quantities for sell to be placed 333
Going to close position for GUJGASLTD in NSE
Going to close position for INDIGO in NSE
Going to close position for IRCTC in NSE
Going to close position for MINDTREE in NSE
Quantities for sell to be placed 9
Going to close position for NAM-INDIA in NSE
Going to close position for NMDC in NSE
Going to close position for PIIND in NSE
Quantities for sell to be placed 7
Going to close position for TRENT in NSE
Quantities for sell to be placed 18
Going to close position for UPL in NSE
Going to close position for ZEEL in NSE
Going to close position for BEL in NSE
Going to close position for DEEPAKNTR in NSE
