Order id is 210304000139761 and order Variety is co
Order id is 210304000139806 and order Variety is co
Order id is 210304000139813 and order Variety is co
Order id is 210304000139838 and order Variety is co
Order id is 210304000139851 and order Variety is co
Order id is 210304000140095 and order Variety is co
Order id is 210304000140112 and order Variety is co
Order id is 210304000142113 and order Variety is co
Order id is 210304000139814 and order Variety is co
unable to delete order id :  210304000139814
Order id is 210304000140104 and order Variety is co
unable to delete order id :  210304000140104
Order id is 210304002595100 and order Variety is regular
Order id is 210304002595113 and order Variety is regular
Order id is 210304002595132 and order Variety is regular
Order id is 210304002595136 and order Variety is regular
Order id is 210304002595138 and order Variety is regular
Order id is 210304002595142 and order Variety is regular
Order id is 210304002595145 and order Variety is regular
Order id is 210304002595190 and order Variety is regular
Order id is 210304002595194 and order Variety is regular
Order id is 210304002595197 and order Variety is regular
Order id is 210304002595437 and order Variety is regular
Order id is 210304000139814 and order Variety is co
unable to delete order id :  210304000139814
Order id is 210304000140104 and order Variety is co
unable to delete order id :  210304000140104
Order id is 210304000139814 and order Variety is co
unable to delete order id :  210304000139814
Order id is 210304000140104 and order Variety is co
unable to delete order id :  210304000140104
Going to close position for ADANIENT in NSE
Going to close position for AUBANK in NSE
Quantities for sell to be placed 3
Going to close position for CONCOR in NSE
Quantities for sell to be placed 7
Going to close position for GRANULES in NSE
Going to close position for IBULHSGFIN in NSE
Going to close position for INDIGO in NSE
Going to close position for LTI in NSE
Quantities for sell to be placed 1
Going to close position for LTTS in NSE
Quantities for sell to be placed 1
Going to close position for PFC in NSE
Quantities for sell to be placed 34
Going to close position for PVR in NSE
Quantities for sell to be placed 3
Going to close position for TATACHEM in NSE
Going to close position for TATAPOWER in NSE
Quantities for sell to be placed 43
Going to close position for TORNTPOWER in NSE
Quantities for sell to be placed 11
Going to close position for TRENT in NSE
Quantities for sell to be placed 5
Going to close position for UPL in NSE
Going to close position for UPL in NSE
Quantities for sell to be placed 7
Going to close position for ZEEL in NSE
Quantities for sell to be placed 20
Going to close position for NIFTY2130415000PE in NSE
Going to close position for NIFTY2130415050CE in NSE
Going to close position for NIFTY2130415050PE in NSE
Going to close position for NIFTY2130415100CE in NSE
Going to close position for AARTIIND in NSE
Going to close position for CUB in NSE
Going to close position for IRCTC in NSE
Going to close position for TATAPOWER in NSE
