Going to close position for NIFTY2121815150PE in NFO
Going to close position for NIFTY2121815200CE in NFO
Going to close position for NIFTY2121815200PE in NFO
Going to close position for NIFTY2121815250CE in NFO
Going to close position for ADANIPORTS in NSE
Going to close position for BANKBARODA in NSE
Going to close position for BANKBARODA in NSE
Going to close position for BEL in NSE
Going to close position for BHEL in NSE
Going to close position for CUMMINSIND in NSE
Going to close position for GAIL in NSE
Going to close position for HEROMOTOCO in NSE
Going to close position for HINDPETRO in NSE
Going to close position for HINDPETRO in NSE
Going to close position for IDFCFIRSTB in NSE
Going to close position for IDFCFIRSTB in NSE
Going to close position for IGL in NSE
Going to close position for INDUSTOWER in NSE
Going to close position for IOC in NSE
Going to close position for MGL in NSE
Going to close position for MOTHERSUMI in NSE
Going to close position for ONGC in NSE
Going to close position for PNB in NSE
Going to close position for SAIL in NSE
Going to close position for UPL in NSE
