Order id is 210209000127873 and order Variety is co
Order id is 210209000127876 and order Variety is co
Order id is 210209000127894 and order Variety is co
Order id is 210209000127908 and order Variety is co
Order id is 210209000127931 and order Variety is co
unable to delete order id :  210209000127931
Order id is 210209000127946 and order Variety is co
Order id is 210209000127950 and order Variety is co
Order id is 210209000127957 and order Variety is co
Order id is 210209000127964 and order Variety is co
Order id is 210209000127969 and order Variety is co
unable to delete order id :  210209000127969
Order id is 210209000128482 and order Variety is co
Order id is 210209000127945 and order Variety is co
unable to delete order id :  210209000127945
Order id is 210209000127951 and order Variety is co
Order id is 210209000127958 and order Variety is co
unable to delete order id :  210209000127958
Order id is 210209002458304 and order Variety is regular
Order id is 210209002458309 and order Variety is regular
Order id is 210209002458310 and order Variety is regular
Order id is 210209002458313 and order Variety is regular
Order id is 210209002458351 and order Variety is regular
Order id is 210209002458352 and order Variety is regular
Order id is 210209000127931 and order Variety is co
unable to delete order id :  210209000127931
Order id is 210209000127969 and order Variety is co
unable to delete order id :  210209000127969
Order id is 210209000127945 and order Variety is co
unable to delete order id :  210209000127945
Order id is 210209000127958 and order Variety is co
unable to delete order id :  210209000127958
Going to close position for ADANIENT in NSE
Going to close position for ASIANPAINT in NSE
Quantities for sell to be placed 3
Going to close position for EXIDEIND in NSE
Going to close position for HINDALCO in NSE
Going to close position for IDEA in NSE
Quantities for sell to be placed 714
Going to close position for INDUSTOWER in NSE
Quantities for sell to be placed 32
Going to close position for M&MFIN in NSE
Going to close position for M&M in NSE
Going to close position for ONGC in NSE
Quantities for sell to be placed 80
Going to close position for PNB in NSE
Quantities for sell to be placed 208
Going to close position for POWERGRID in NSE
Quantities for sell to be placed 38
Going to close position for RAMCOCEM in NSE
