Order id is 210309000143805 and order Variety is co
Order id is 210309000143810 and order Variety is co
Order id is 210309000143816 and order Variety is co
Order id is 210309000143817 and order Variety is co
unable to delete order id :  210309000143817
Order id is 210309000143818 and order Variety is co
Order id is 210309000143820 and order Variety is co
Order id is 210309000143822 and order Variety is co
Order id is 210309000143823 and order Variety is co
unable to delete order id :  210309000143823
Order id is 210309000143825 and order Variety is co
unable to delete order id :  210309000143825
Order id is 210309000143829 and order Variety is co
Order id is 210309000143830 and order Variety is co
Order id is 210309000143833 and order Variety is co
unable to delete order id :  210309000143833
Order id is 210309000143834 and order Variety is co
Order id is 210309000143996 and order Variety is co
Order id is 210309000143817 and order Variety is co
unable to delete order id :  210309000143817
Order id is 210309000143823 and order Variety is co
unable to delete order id :  210309000143823
Order id is 210309000143825 and order Variety is co
unable to delete order id :  210309000143825
Order id is 210309000143833 and order Variety is co
unable to delete order id :  210309000143833
Going to close position for BHEL in NSE
Going to close position for IRCTC in NSE
Going to close position for LTTS in NSE
Going to close position for PFC in NSE
Going to close position for TORNTPOWER in NSE
Going to close position for UPL in NSE
