can't extract position data..retrying
can't extract position data..retrying
can't extract position data..retrying
can't extract position data..retrying
can't extract position data..retrying
can't extract position data..retrying
can't extract position data..retrying
can't extract position data..retrying
can't extract position data..retrying
can't extract position data..retrying
can't extract order data..retrying
can't extract order data..retrying
can't extract order data..retrying
can't extract order data..retrying
can't extract order data..retrying
can't extract order data..retrying
can't extract order data..retrying
can't extract order data..retrying
can't extract order data..retrying
can't extract order data..retrying
Traceback (most recent call last):
  File "square_off.py", line 63, in <module>
    if pos_df["quantity"].values[i] >0:
NameError: name 'pos_df' is not defined
